<?xml version="1.0" encoding="UTF-8"?>
<!-- Generated by org.testng.reporters.JUnitReportReporter -->
<testsuite hostname="fv-az77-556" failures="0" tests="2" name="runner.TestRunner" time="4.180" errors="0" timestamp="2021-06-24T05:02:02 UTC" skipped="0">
  <testcase classname="runner.TestRunner" name="runScenario" time="0.807"/>
  <system-out/>
  <testcase classname="runner.TestRunner" name="runScenario" time="3.373"/>
  <system-out/>
</testsuite> <!-- runner.TestRunner -->
