<?xml version="1.0" encoding="UTF-8"?>
<!-- Generated by org.testng.reporters.JUnitReportReporter -->
<testsuite hostname="fv-az77-556" failures="0" tests="2" name="runner.TestRunner" time="10.848" errors="0" timestamp="2021-06-24T04:05:32 UTC" skipped="0">
  <testcase classname="runner.TestRunner" name="runScenario" time="9.700"/>
  <system-out/>
  <testcase classname="runner.TestRunner" name="runScenario" time="1.148"/>
  <system-out/>
</testsuite> <!-- runner.TestRunner -->
