<?xml version="1.0" encoding="UTF-8"?>
<!-- Generated by org.testng.reporters.JUnitReportReporter -->
<testsuite hostname="fv-az81-132" failures="0" tests="2" name="runner.TestRunner" time="7.956" errors="0" timestamp="2021-06-24T12:41:14 UTC" skipped="0">
  <testcase classname="runner.TestRunner" name="runScenario" time="0.895"/>
  <system-out/>
  <testcase classname="runner.TestRunner" name="runScenario" time="7.061"/>
  <system-out/>
</testsuite> <!-- runner.TestRunner -->
